13:05:22 **** Incremental Build of configuration Debug for project 01_Mecanum_drive_IMU ****
Info: Internal Builder is used for build
arm-frc-linux-gnueabi-g++ -std=c++1y "-IC:\\Users\\Robotics/wpilib/cpp/current/include" "-IC:\\Users\\Robotics\\workspace\\01_Mecanum_drive_IMU\\src" "-IC:\\Users\\Robotics/wpilib/user/cpp/include" -O0 -Og -g3 -Wall -c -fmessage-length=0 -o "src\\IMU.o" "..\\src\\IMU.cpp" 
..\src\IMU.cpp: In member function 'double IMU::complementaryIMU(double, double, int)':
..\src\IMU.cpp:24:9: warning: unused variable 'dtC' [-Wunused-variable]
  double dtC = loop/1000;
         ^
..\src\IMU.cpp: In member function 'void IMU::Localization(frc::BuiltInAccelerometer*, frc::ADXRS450_Gyro*)':
..\src\IMU.cpp:43:10: error: incompatible types in assignment of 'double' to 'double [2]'
  accel_x = ( accel->GetX() * K_a0 + accel->GetX() * K_a1 ) * G;
          ^
..\src\IMU.cpp:45:10: error: incompatible types in assignment of 'double' to 'double [2]'
  accel_y = ( accel->GetY() * K_a0 + accel->GetY() * K_a1 ) * G;
          ^
..\src\IMU.cpp:47:8: error: incompatible types in assignment of 'double' to 'double [2]'
  theta = gyro->GetAngle() * RAD;
        ^
..\src\IMU.cpp:49:40: error: invalid operands of types 'double [2]' and 'double' to binary 'operator*'
  velocity_x += ( accel_x * cos(theta[0]) + accel_y * sin(theta[0]) ) * del_t;
                                        ^
..\src\IMU.cpp:49:66: error: invalid operands of types 'double [2]' and 'double' to binary 'operator*'
  velocity_x += ( accel_x * cos(theta[0]) + accel_y * sin(theta[0]) ) * del_t;
                                                                  ^
..\src\IMU.cpp:50:40: error: invalid operands of types 'double [2]' and 'double' to binary 'operator*'
  velocity_y += ( accel_y * cos(theta[0]) + accel_x * sin(theta[0]) ) * del_t;
                                        ^
..\src\IMU.cpp:50:66: error: invalid operands of types 'double [2]' and 'double' to binary 'operator*'
  velocity_y += ( accel_y * cos(theta[0]) + accel_x * sin(theta[0]) ) * del_t;
                                                                  ^
..\src\IMU.cpp:52:29: error: invalid operands of types 'double [2]' and 'double' to binary 'operator*'
  position_x += velocity_x * del_t;//very high in accError
                             ^
..\src\IMU.cpp:53:29: error: invalid operands of types 'double [2]' and 'double' to binary 'operator*'
  position_y += velocity_y * del_t;
                             ^
13:05:30 **** Incremental Build of configuration Debug for project 01_Mecanum_drive_IMU ****
Info: Internal Builder is used for build
arm-frc-linux-gnueabi-g++ -std=c++1y "-IC:\\Users\\Robotics/wpilib/cpp/current/include" "-IC:\\Users\\Robotics\\workspace\\01_Mecanum_drive_IMU\\src" "-IC:\\Users\\Robotics/wpilib/user/cpp/include" -O0 -Og -g3 -Wall -c -fmessage-length=0 -o "src\\IMU.o" "..\\src\\IMU.cpp" 
..\src\IMU.cpp: In member function 'double IMU::complementaryIMU(double, double, int)':
..\src\IMU.cpp:24:9: warning: unused variable 'dtC' [-Wunused-variable]
  double dtC = loop/1000;
         ^
..\src\IMU.cpp: In member function 'void IMU::Localization(frc::BuiltInAccelerometer*, frc::ADXRS450_Gyro*)':
..\src\IMU.cpp:43:10: error: incompatible types in assignment of 'double' to 'double [2]'
  accel_x = ( accel->GetX() * K_a0 + accel->GetX() * K_a1 ) * G;
          ^
..\src\IMU.cpp:45:10: error: incompatible types in assignment of 'double' to 'double [2]'
  accel_y = ( accel->GetY() * K_a0 + accel->GetY() * K_a1 ) * G;
          ^
..\src\IMU.cpp:47:8: error: incompatible types in assignment of 'double' to 'double [2]'
  theta = gyro->GetAngle() * RAD;
        ^
..\src\IMU.cpp:49:40: error: invalid operands of types 'double [2]' and 'double' to binary 'operator*'
  velocity_x += ( accel_x * cos(theta[0]) + accel_y * sin(theta[0]) ) * del_t;
                                        ^
..\src\IMU.cpp:49:66: error: invalid operands of types 'double [2]' and 'double' to binary 'operator*'
  velocity_x += ( accel_x * cos(theta[0]) + accel_y * sin(theta[0]) ) * del_t;
                                                                  ^
..\src\IMU.cpp:50:40: error: invalid operands of types 'double [2]' and 'double' to binary 'operator*'
  velocity_y += ( accel_y * cos(theta[0]) + accel_x * sin(theta[0]) ) * del_t;
                                        ^
..\src\IMU.cpp:50:66: error: invalid operands of types 'double [2]' and 'double' to binary 'operator*'
  velocity_y += ( accel_y * cos(theta[0]) + accel_x * sin(theta[0]) ) * del_t;
                                                                  ^
..\src\IMU.cpp:52:29: error: invalid operands of types 'double [2]' and 'double' to binary 'operator*'
  position_x += velocity_x * del_t;//very high in accError
                             ^
..\src\IMU.cpp:53:29: error: invalid operands of types 'double [2]' and 'double' to binary 'operator*'
  position_y += velocity_y * del_t;
                             ^
13:06:03 **** Rebuild of configuration Debug for project 02_Mecanum_Shooter ****
Info: Internal Builder is used for build
arm-frc-linux-gnueabi-g++ -std=c++1y "-IC:\\Users\\Robotics/wpilib/cpp/current/include" "-IC:\\Users\\Robotics\\workspace\\02_Mecanum_Shooter\\src" "-IC:\\Users\\Robotics/wpilib/user/cpp/include" -O0 -Og -g3 -Wall -c -fmessage-length=0 -o "src\\Robot.o" "..\\src\\Robot.cpp" 
arm-frc-linux-gnueabi-g++ -std=c++1y "-IC:\\Users\\Robotics/wpilib/cpp/current/include" "-IC:\\Users\\Robotics\\workspace\\02_Mecanum_Shooter\\src" "-IC:\\Users\\Robotics/wpilib/user/cpp/include" -O0 -Og -g3 -Wall -c -fmessage-length=0 -o "src\\Driving.o" "..\\src\\Driving.cpp" 
arm-frc-linux-gnueabi-g++ "-LC:\\Users\\Robotics/wpilib/cpp/current/lib" "-LC:\\Users\\Robotics/wpilib/user/cpp/lib" -Wl,-rpath,/opt/GenICam_v3_0_NI/bin/Linux32_ARM -o FRCUserProgram "src\\Driving.o" "src\\Robot.o" -lCTRLib -lwpi 
13:06:07 **** Incremental Build of configuration Debug for project 00_Mecanum_drive ****
Info: Internal Builder is used for build
arm-frc-linux-gnueabi-g++ -std=c++1y "-IC:\\Users\\Robotics/wpilib/cpp/current/include" "-IC:\\Users\\Robotics\\workspace\\00_Mecanum_drive\\src" "-IC:\\Users\\Robotics/wpilib/user/cpp/include" -O0 -Og -g3 -Wall -c -fmessage-length=0 -o "src\\Robot.o" "..\\src\\Robot.cpp" 
arm-frc-linux-gnueabi-g++ "-LC:\\Users\\Robotics/wpilib/cpp/current/lib" "-LC:\\Users\\Robotics/wpilib/user/cpp/lib" -Wl,-rpath,/opt/GenICam_v3_0_NI/bin/Linux32_ARM -o FRCUserProgram "src\\Driving.o" "src\\Robot.o" -lCTRLib -lwpi 
13:06:09 **** Incremental Build of configuration Debug for project 01_Mecanum_drive_IMU ****
Info: Internal Builder is used for build
arm-frc-linux-gnueabi-g++ -std=c++1y "-IC:\\Users\\Robotics/wpilib/cpp/current/include" "-IC:\\Users\\Robotics\\workspace\\01_Mecanum_drive_IMU\\src" "-IC:\\Users\\Robotics/wpilib/user/cpp/include" -O0 -Og -g3 -Wall -c -fmessage-length=0 -o "src\\IMU.o" "..\\src\\IMU.cpp" 
..\src\IMU.cpp: In member function 'double IMU::complementaryIMU(double, double, int)':
..\src\IMU.cpp:24:9: warning: unused variable 'dtC' [-Wunused-variable]
  double dtC = loop/1000;
         ^
..\src\IMU.cpp: In member function 'void IMU::Localization(frc::BuiltInAccelerometer*, frc::ADXRS450_Gyro*)':
..\src\IMU.cpp:43:10: error: incompatible types in assignment of 'double' to 'double [2]'
  accel_x = ( accel->GetX() * K_a0 + accel->GetX() * K_a1 ) * G;
          ^
..\src\IMU.cpp:45:10: error: incompatible types in assignment of 'double' to 'double [2]'
  accel_y = ( accel->GetY() * K_a0 + accel->GetY() * K_a1 ) * G;
          ^
..\src\IMU.cpp:47:8: error: incompatible types in assignment of 'double' to 'double [2]'
  theta = gyro->GetAngle() * RAD;
        ^
..\src\IMU.cpp:49:40: error: invalid operands of types 'double [2]' and 'double' to binary 'operator*'
  velocity_x += ( accel_x * cos(theta[0]) + accel_y * sin(theta[0]) ) * del_t;
                                        ^
..\src\IMU.cpp:49:66: error: invalid operands of types 'double [2]' and 'double' to binary 'operator*'
  velocity_x += ( accel_x * cos(theta[0]) + accel_y * sin(theta[0]) ) * del_t;
                                                                  ^
..\src\IMU.cpp:50:40: error: invalid operands of types 'double [2]' and 'double' to binary 'operator*'
  velocity_y += ( accel_y * cos(theta[0]) + accel_x * sin(theta[0]) ) * del_t;
                                        ^
..\src\IMU.cpp:50:66: error: invalid operands of types 'double [2]' and 'double' to binary 'operator*'
  velocity_y += ( accel_y * cos(theta[0]) + accel_x * sin(theta[0]) ) * del_t;
                                                                  ^
..\src\IMU.cpp:52:29: error: invalid operands of types 'double [2]' and 'double' to binary 'operator*'
  position_x += velocity_x * del_t;//very high in accError
                             ^
..\src\IMU.cpp:53:29: error: invalid operands of types 'double [2]' and 'double' to binary 'operator*'
  position_y += velocity_y * del_t;
                             ^
Info: Nothing to build for 02_Mecanum_Shooter
13:09:05 **** Incremental Build of configuration Debug for project 02_Mecanum_Shooter ****
Info: Internal Builder is used for build
arm-frc-linux-gnueabi-g++ "-LC:\\Users\\Robotics/wpilib/cpp/current/lib" "-LC:\\Users\\Robotics/wpilib/user/cpp/lib" -Wl,-rpath,/opt/GenICam_v3_0_NI/bin/Linux32_ARM -o FRCUserProgram "src\\Driving.o" "src\\Robot.o" -lCTRLib -lwpi 
13:09:06 **** Incremental Build of configuration Debug for project 00_Mecanum_drive ****
Info: Internal Builder is used for build
arm-frc-linux-gnueabi-g++ "-LC:\\Users\\Robotics/wpilib/cpp/current/lib" "-LC:\\Users\\Robotics/wpilib/user/cpp/lib" -Wl,-rpath,/opt/GenICam_v3_0_NI/bin/Linux32_ARM -o FRCUserProgram "src\\Driving.o" "src\\Robot.o" -lCTRLib -lwpi 
13:09:06 **** Incremental Build of configuration Debug for project 01_Mecanum_drive_IMU ****
Info: Internal Builder is used for build
arm-frc-linux-gnueabi-g++ -std=c++1y "-IC:\\Users\\Robotics/wpilib/cpp/current/include" "-IC:\\Users\\Robotics\\workspace\\01_Mecanum_drive_IMU\\src" "-IC:\\Users\\Robotics/wpilib/user/cpp/include" -O0 -Og -g3 -Wall -c -fmessage-length=0 -o "src\\IMU.o" "..\\src\\IMU.cpp" 
..\src\IMU.cpp: In member function 'double IMU::complementaryIMU(double, double, int)':
..\src\IMU.cpp:24:9: warning: unused variable 'dtC' [-Wunused-variable]
  double dtC = loop/1000;
         ^
..\src\IMU.cpp: In member function 'void IMU::Localization(frc::BuiltInAccelerometer*, frc::ADXRS450_Gyro*)':
..\src\IMU.cpp:43:10: error: incompatible types in assignment of 'double' to 'double [2]'
  accel_x = ( accel->GetX() * K_a0 + accel->GetX() * K_a1 ) * G;
          ^
..\src\IMU.cpp:45:10: error: incompatible types in assignment of 'double' to 'double [2]'
  accel_y = ( accel->GetY() * K_a0 + accel->GetY() * K_a1 ) * G;
          ^
..\src\IMU.cpp:47:8: error: incompatible types in assignment of 'double' to 'double [2]'
  theta = gyro->GetAngle() * RAD;
        ^
..\src\IMU.cpp:49:40: error: invalid operands of types 'double [2]' and 'double' to binary 'operator*'
  velocity_x += ( accel_x * cos(theta[0]) + accel_y * sin(theta[0]) ) * del_t;
                                        ^
..\src\IMU.cpp:49:66: error: invalid operands of types 'double [2]' and 'double' to binary 'operator*'
  velocity_x += ( accel_x * cos(theta[0]) + accel_y * sin(theta[0]) ) * del_t;
                                                                  ^
..\src\IMU.cpp:50:40: error: invalid operands of types 'double [2]' and 'double' to binary 'operator*'
  velocity_y += ( accel_y * cos(theta[0]) + accel_x * sin(theta[0]) ) * del_t;
                                        ^
..\src\IMU.cpp:50:66: error: invalid operands of types 'double [2]' and 'double' to binary 'operator*'
  velocity_y += ( accel_y * cos(theta[0]) + accel_x * sin(theta[0]) ) * del_t;
                                                                  ^
..\src\IMU.cpp:52:29: error: invalid operands of types 'double [2]' and 'double' to binary 'operator*'
  position_x += velocity_x * del_t;//very high in accError
                             ^
..\src\IMU.cpp:53:29: error: invalid operands of types 'double [2]' and 'double' to binary 'operator*'
  position_y += velocity_y * del_t;
                             ^
Info: Nothing to build for 02_Mecanum_Shooter
Info: Nothing to build for 00_Mecanum_drive
13:09:22 **** Incremental Build of configuration Debug for project 01_Mecanum_drive_IMU ****
Info: Internal Builder is used for build
arm-frc-linux-gnueabi-g++ -std=c++1y "-IC:\\Users\\Robotics/wpilib/cpp/current/include" "-IC:\\Users\\Robotics\\workspace\\01_Mecanum_drive_IMU\\src" "-IC:\\Users\\Robotics/wpilib/user/cpp/include" -O0 -Og -g3 -Wall -c -fmessage-length=0 -o "src\\IMU.o" "..\\src\\IMU.cpp" 
..\src\IMU.cpp: In member function 'double IMU::complementaryIMU(double, double, int)':
..\src\IMU.cpp:24:9: warning: unused variable 'dtC' [-Wunused-variable]
  double dtC = loop/1000;
         ^
..\src\IMU.cpp: In member function 'void IMU::Localization(frc::BuiltInAccelerometer*, frc::ADXRS450_Gyro*)':
..\src\IMU.cpp:43:10: error: incompatible types in assignment of 'double' to 'double [2]'
  accel_x = ( accel->GetX() * K_a0 + accel->GetX() * K_a1 ) * G;
          ^
..\src\IMU.cpp:45:10: error: incompatible types in assignment of 'double' to 'double [2]'
  accel_y = ( accel->GetY() * K_a0 + accel->GetY() * K_a1 ) * G;
          ^
..\src\IMU.cpp:47:8: error: incompatible types in assignment of 'double' to 'double [2]'
  theta = gyro->GetAngle() * RAD;
        ^
..\src\IMU.cpp:49:40: error: invalid operands of types 'double [2]' and 'double' to binary 'operator*'
  velocity_x += ( accel_x * cos(theta[0]) + accel_y * sin(theta[0]) ) * del_t;
                                        ^
..\src\IMU.cpp:49:66: error: invalid operands of types 'double [2]' and 'double' to binary 'operator*'
  velocity_x += ( accel_x * cos(theta[0]) + accel_y * sin(theta[0]) ) * del_t;
                                                                  ^
..\src\IMU.cpp:50:40: error: invalid operands of types 'double [2]' and 'double' to binary 'operator*'
  velocity_y += ( accel_y * cos(theta[0]) + accel_x * sin(theta[0]) ) * del_t;
                                        ^
..\src\IMU.cpp:50:66: error: invalid operands of types 'double [2]' and 'double' to binary 'operator*'
  velocity_y += ( accel_y * cos(theta[0]) + accel_x * sin(theta[0]) ) * del_t;
                                                                  ^
..\src\IMU.cpp:52:29: error: invalid operands of types 'double [2]' and 'double' to binary 'operator*'
  position_x += velocity_x * del_t;//very high in accError
                             ^
..\src\IMU.cpp:53:29: error: invalid operands of types 'double [2]' and 'double' to binary 'operator*'
  position_y += velocity_y * del_t;
                             ^
Info: Nothing to build for 02_Mecanum_Shooter
13:09:33 **** Clean-only build of configuration Debug for project 00_Mecanum_drive ****
rm -rf src/Robot.o FRCUserProgram src/Robot.d src/Driving.o src/Driving.d 
Cannot run program "rm": Launching failed

Error: Program "rm" not found in PATH
PATH=[\usr\local\bin;C:/Program Files/Java/jre1.8.0_121/bin/server;C:/Program Files/Java/jre1.8.0_121/bin;C:/Program Files/Java/jre1.8.0_121/lib/amd64;C:\ProgramData\Oracle\Java\javapath;C:\Windows\system32;C:\Windows;C:\Windows\System32\Wbem;C:\Windows\System32\WindowsPowerShell\v1.0\;C:\Program Files\Intel\WiFi\bin\;C:\Program Files\Common Files\Intel\WirelessCommon\;C:\frc\bin;C:\Program Files\Git\cmd;C:\Program Files\Intel\WiFi\bin\;C:\Program Files\Common Files\Intel\WirelessCommon\;C:\Users\Robotics\Desktop]

13:09:33 **** Clean-only build of configuration Debug for project 00_Mecanum_drive ****
13:09:33 **** Clean-only build of configuration Debug for project 01_Mecanum_drive_IMU ****
rm -rf src/IMU.o src/Robot.o FRCUserProgram src/Driving.o src/Driving.d src/Robot.d src/IMU.d 
Cannot run program "rm": Launching failed

Error: Program "rm" not found in PATH
PATH=[\usr\local\bin;C:/Program Files/Java/jre1.8.0_121/bin/server;C:/Program Files/Java/jre1.8.0_121/bin;C:/Program Files/Java/jre1.8.0_121/lib/amd64;C:\ProgramData\Oracle\Java\javapath;C:\Windows\system32;C:\Windows;C:\Windows\System32\Wbem;C:\Windows\System32\WindowsPowerShell\v1.0\;C:\Program Files\Intel\WiFi\bin\;C:\Program Files\Common Files\Intel\WirelessCommon\;C:\frc\bin;C:\Program Files\Git\cmd;C:\Program Files\Intel\WiFi\bin\;C:\Program Files\Common Files\Intel\WirelessCommon\;C:\Users\Robotics\Desktop]

13:09:33 **** Clean-only build of configuration Debug for project 01_Mecanum_drive_IMU ****
13:09:33 **** Clean-only build of configuration Debug for project 02_Mecanum_Shooter ****
rm -rf src/Robot.d src/Driving.d FRCUserProgram src/Driving.o src/Robot.o 
Cannot run program "rm": Launching failed

Error: Program "rm" not found in PATH
PATH=[\usr\local\bin;C:/Program Files/Java/jre1.8.0_121/bin/server;C:/Program Files/Java/jre1.8.0_121/bin;C:/Program Files/Java/jre1.8.0_121/lib/amd64;C:\ProgramData\Oracle\Java\javapath;C:\Windows\system32;C:\Windows;C:\Windows\System32\Wbem;C:\Windows\System32\WindowsPowerShell\v1.0\;C:\Program Files\Intel\WiFi\bin\;C:\Program Files\Common Files\Intel\WirelessCommon\;C:\frc\bin;C:\Program Files\Git\cmd;C:\Program Files\Intel\WiFi\bin\;C:\Program Files\Common Files\Intel\WirelessCommon\;C:\Users\Robotics\Desktop]

13:09:33 **** Clean-only build of configuration Debug for project 02_Mecanum_Shooter ****
13:09:57 **** Rebuild of configuration Debug for project 00_Mecanum_drive ****
Info: Internal Builder is used for build
arm-frc-linux-gnueabi-g++ -std=c++1y "-IC:\\Users\\Robotics/wpilib/cpp/current/include" "-IC:\\Users\\Robotics\\workspace\\00_Mecanum_drive\\src" "-IC:\\Users\\Robotics/wpilib/user/cpp/include" -O0 -Og -g3 -Wall -c -fmessage-length=0 -o "src\\Robot.o" "..\\src\\Robot.cpp" 
arm-frc-linux-gnueabi-g++ -std=c++1y "-IC:\\Users\\Robotics/wpilib/cpp/current/include" "-IC:\\Users\\Robotics\\workspace\\00_Mecanum_drive\\src" "-IC:\\Users\\Robotics/wpilib/user/cpp/include" -O0 -Og -g3 -Wall -c -fmessage-length=0 -o "src\\Driving.o" "..\\src\\Driving.cpp" 
arm-frc-linux-gnueabi-g++ "-LC:\\Users\\Robotics/wpilib/cpp/current/lib" "-LC:\\Users\\Robotics/wpilib/user/cpp/lib" -Wl,-rpath,/opt/GenICam_v3_0_NI/bin/Linux32_ARM -o FRCUserProgram "src\\Driving.o" "src\\Robot.o" -lCTRLib -lwpi 
13:10:00 **** Rebuild of configuration Debug for project 01_Mecanum_drive_IMU ****
Info: Internal Builder is used for build
arm-frc-linux-gnueabi-g++ -std=c++1y "-IC:\\Users\\Robotics/wpilib/cpp/current/include" "-IC:\\Users\\Robotics\\workspace\\01_Mecanum_drive_IMU\\src" "-IC:\\Users\\Robotics/wpilib/user/cpp/include" -O0 -Og -g3 -Wall -c -fmessage-length=0 -o "src\\Robot.o" "..\\src\\Robot.cpp" 
arm-frc-linux-gnueabi-g++ -std=c++1y "-IC:\\Users\\Robotics/wpilib/cpp/current/include" "-IC:\\Users\\Robotics\\workspace\\01_Mecanum_drive_IMU\\src" "-IC:\\Users\\Robotics/wpilib/user/cpp/include" -O0 -Og -g3 -Wall -c -fmessage-length=0 -o "src\\IMU.o" "..\\src\\IMU.cpp" 
..\src\IMU.cpp: In member function 'double IMU::complementaryIMU(double, double, int)':
..\src\IMU.cpp:24:9: warning: unused variable 'dtC' [-Wunused-variable]
  double dtC = loop/1000;
         ^
..\src\IMU.cpp: In member function 'void IMU::Localization(frc::BuiltInAccelerometer*, frc::ADXRS450_Gyro*)':
..\src\IMU.cpp:43:10: error: incompatible types in assignment of 'double' to 'double [2]'
  accel_x = ( accel->GetX() * K_a0 + accel->GetX() * K_a1 ) * G;
          ^
..\src\IMU.cpp:45:10: error: incompatible types in assignment of 'double' to 'double [2]'
  accel_y = ( accel->GetY() * K_a0 + accel->GetY() * K_a1 ) * G;
          ^
..\src\IMU.cpp:47:8: error: incompatible types in assignment of 'double' to 'double [2]'
  theta = gyro->GetAngle() * RAD;
        ^
..\src\IMU.cpp:49:40: error: invalid operands of types 'double [2]' and 'double' to binary 'operator*'
  velocity_x += ( accel_x * cos(theta[0]) + accel_y * sin(theta[0]) ) * del_t;
                                        ^
..\src\IMU.cpp:49:66: error: invalid operands of types 'double [2]' and 'double' to binary 'operator*'
  velocity_x += ( accel_x * cos(theta[0]) + accel_y * sin(theta[0]) ) * del_t;
                                                                  ^
..\src\IMU.cpp:50:40: error: invalid operands of types 'double [2]' and 'double' to binary 'operator*'
  velocity_y += ( accel_y * cos(theta[0]) + accel_x * sin(theta[0]) ) * del_t;
                                        ^
..\src\IMU.cpp:50:66: error: invalid operands of types 'double [2]' and 'double' to binary 'operator*'
  velocity_y += ( accel_y * cos(theta[0]) + accel_x * sin(theta[0]) ) * del_t;
                                                                  ^
..\src\IMU.cpp:52:29: error: invalid operands of types 'double [2]' and 'double' to binary 'operator*'
  position_x += velocity_x * del_t;//very high in accError
                             ^
..\src\IMU.cpp:53:29: error: invalid operands of types 'double [2]' and 'double' to binary 'operator*'
  position_y += velocity_y * del_t;
                             ^
13:10:03 **** Rebuild of configuration Debug for project 02_Mecanum_Shooter ****
Info: Internal Builder is used for build
arm-frc-linux-gnueabi-g++ -std=c++1y "-IC:\\Users\\Robotics/wpilib/cpp/current/include" "-IC:\\Users\\Robotics\\workspace\\02_Mecanum_Shooter\\src" "-IC:\\Users\\Robotics/wpilib/user/cpp/include" -O0 -Og -g3 -Wall -c -fmessage-length=0 -o "src\\Driving.o" "..\\src\\Driving.cpp" 
arm-frc-linux-gnueabi-g++ -std=c++1y "-IC:\\Users\\Robotics/wpilib/cpp/current/include" "-IC:\\Users\\Robotics\\workspace\\02_Mecanum_Shooter\\src" "-IC:\\Users\\Robotics/wpilib/user/cpp/include" -O0 -Og -g3 -Wall -c -fmessage-length=0 -o "src\\Robot.o" "..\\src\\Robot.cpp" 
arm-frc-linux-gnueabi-g++ "-LC:\\Users\\Robotics/wpilib/cpp/current/lib" "-LC:\\Users\\Robotics/wpilib/user/cpp/lib" -Wl,-rpath,/opt/GenICam_v3_0_NI/bin/Linux32_ARM -o FRCUserProgram "src\\Driving.o" "src\\Robot.o" -lCTRLib -lwpi 
